2026-05-17 00:47:00,631 - INFO - ----- Feature Selection -----
2026-05-17 00:48:20,581 - INFO - Features to drop: ['treeraceprogress', 'treeposition', 'treeraceprogress_laptime_s', 'treelaptime_s', 'treeraceprogress_position']
2026-05-17 00:48:20,581 - INFO - ----- Model Tuning -----
2026-05-17 00:48:20,581 - INFO - A new study created in memory with name: no-name-87177bea-f8ad-406d-89a2-ba0ced58e2bb
2026-05-17 02:30:26,834 - INFO - Trial 1 finished with value: 0.9411828804896055 and parameters: {'boosting_type': 'Plain', 'depth': 4, 'min_data_in_leaf': 67, 'learning_rate': 0.009399229275652135, 'l2_leaf_reg': 0.001010961356942265, 'random_strength': 0.012833385035873945, 'bagging_temperature': 4.157164351808486, 'rsm': 0.9187831893552454, 'auto_class_weights': None}. Best is trial 1 with value: 0.9411828804896055.
2026-05-17 02:59:13,383 - INFO - Trial 2 finished with value: 0.9465886036400333 and parameters: {'boosting_type': 'Plain', 'depth': 5, 'min_data_in_leaf': 13, 'learning_rate': 0.0373234739248866, 'l2_leaf_reg': 0.05816823510972323, 'random_strength': 3.6732199325471204, 'bagging_temperature': 8.543614705550922, 'rsm': 0.8478138094974711, 'auto_class_weights': 'Balanced'}. Best is trial 2 with value: 0.9465886036400333.
2026-05-17 03:08:30,508 - INFO - Trial 8 finished with value: 0.9394738348019283 and parameters: {'boosting_type': 'Plain', 'depth': 5, 'min_data_in_leaf': 93, 'learning_rate': 0.00405695660039295, 'l2_leaf_reg': 16.170481681577954, 'random_strength': 1.751749639454525, 'bagging_temperature': 6.466960521692352, 'rsm': 0.7319118823064222, 'auto_class_weights': 'Balanced'}. Best is trial 2 with value: 0.9465886036400333.
2026-05-17 03:29:40,223 - INFO - Trial 0 finished with value: 0.94281881204154 and parameters: {'boosting_type': 'Plain', 'depth': 6, 'min_data_in_leaf': 70, 'learning_rate': 0.005747849022078739, 'l2_leaf_reg': 0.011509579228638515, 'random_strength': 7.035517931458486, 'bagging_temperature': 3.397408017336423, 'rsm': 0.8419177430462708, 'auto_class_weights': 'Balanced'}. Best is trial 2 with value: 0.9465886036400333.
2026-05-17 14:49:05,177 - INFO - ----- Feature Selection -----
2026-05-17 14:50:23,500 - INFO - Features to drop: ['treeraceprogress', 'treeposition', 'treeraceprogress_laptime_s', 'treelaptime_s', 'treeraceprogress_position']
2026-05-17 14:50:23,501 - INFO - ----- Model Tuning -----
2026-05-17 14:50:23,501 - INFO - A new study created in memory with name: no-name-f146daf8-1bc6-44d4-99df-b9902df698c0
2026-05-17 15:45:11,624 - INFO - ----- Feature Selection -----
2026-05-17 15:45:52,206 - INFO - ----- Feature Selection -----
2026-05-17 15:46:35,841 - INFO - ----- Feature Selection -----
2026-05-17 15:48:06,009 - INFO - Features to drop: ['treeraceprogress', 'treeposition', 'treeraceprogress_laptime_s', 'treelaptime_s', 'treeraceprogress_position']
2026-05-17 15:48:06,009 - INFO - ----- Model Tuning -----
2026-05-17 15:48:06,009 - INFO - A new study created in memory with name: no-name-a065d5ad-d261-497e-ae65-f46bf7071b1d
2026-05-17 16:00:42,265 - INFO - Trial 0 finished with value: 0.9368416587312784 and parameters: {'boosting_type': 'Plain', 'depth': 7, 'min_data_in_leaf': 56, 'learning_rate': 0.0023503529974050782, 'l2_leaf_reg': 0.0844301513696443, 'random_strength': 1.689594328159797, 'bagging_temperature': 0.5046496710047166, 'rsm': 0.9598411435713234, 'auto_class_weights': 'Balanced'}. Best is trial 0 with value: 0.9368416587312784.
2026-05-17 16:05:13,817 - INFO - Trial 1 finished with value: 0.941238663794261 and parameters: {'boosting_type': 'Plain', 'depth': 8, 'min_data_in_leaf': 16, 'learning_rate': 0.0031641507048997017, 'l2_leaf_reg': 5.878598983588475, 'random_strength': 0.0025847508595590765, 'bagging_temperature': 3.315289545098162, 'rsm': 0.7588744891885183, 'auto_class_weights': None}. Best is trial 1 with value: 0.941238663794261.
2026-05-17 16:13:00,331 - INFO - Trial 3 finished with value: 0.9239818164757214 and parameters: {'boosting_type': 'Plain', 'depth': 4, 'min_data_in_leaf': 78, 'learning_rate': 0.001120242884086991, 'l2_leaf_reg': 0.2604201793493742, 'random_strength': 0.020065809532206148, 'bagging_temperature': 7.177610114868482, 'rsm': 0.8627380921431778, 'auto_class_weights': 'Balanced'}. Best is trial 1 with value: 0.941238663794261.
2026-05-17 16:23:22,912 - INFO - Trial 4 finished with value: 0.9375986033202374 and parameters: {'boosting_type': 'Plain', 'depth': 6, 'min_data_in_leaf': 65, 'learning_rate': 0.0029696485985257377, 'l2_leaf_reg': 0.1220173741645529, 'random_strength': 0.04476253724236811, 'bagging_temperature': 9.024898175205236, 'rsm': 0.7872819691075086, 'auto_class_weights': 'Balanced'}. Best is trial 1 with value: 0.941238663794261.
2026-05-17 16:25:33,940 - INFO - Trial 2 finished with value: 0.9429381593578876 and parameters: {'boosting_type': 'Plain', 'depth': 9, 'min_data_in_leaf': 5, 'learning_rate': 0.0031227521016071198, 'l2_leaf_reg': 0.002712989673835684, 'random_strength': 0.5969794991342481, 'bagging_temperature': 5.806347394784602, 'rsm': 0.6755471328470309, 'auto_class_weights': 'Balanced'}. Best is trial 2 with value: 0.9429381593578876.
2026-05-17 16:44:46,331 - INFO - Trial 5 finished with value: 0.9404591182185593 and parameters: {'boosting_type': 'Plain', 'depth': 9, 'min_data_in_leaf': 12, 'learning_rate': 0.19281057130204501, 'l2_leaf_reg': 0.39846652698616014, 'random_strength': 0.05291090875568707, 'bagging_temperature': 7.064527819717394, 'rsm': 0.99384106350445, 'auto_class_weights': 'Balanced'}. Best is trial 2 with value: 0.9429381593578876.
2026-05-17 16:52:35,450 - INFO - Trial 6 finished with value: 0.9459782198782991 and parameters: {'boosting_type': 'Plain', 'depth': 9, 'min_data_in_leaf': 32, 'learning_rate': 0.08234552086639717, 'l2_leaf_reg': 1.8284308382674481, 'random_strength': 2.5932935758571136, 'bagging_temperature': 7.257656739174423, 'rsm': 0.7169427778996562, 'auto_class_weights': 'Balanced'}. Best is trial 6 with value: 0.9459782198782991.
2026-05-17 16:58:27,786 - INFO - Trial 8 pruned. 
2026-05-17 17:05:22,033 - INFO - Trial 9 pruned. 
2026-05-17 17:17:13,475 - INFO - Trial 7 finished with value: 0.9397548386576566 and parameters: {'boosting_type': 'Plain', 'depth': 10, 'min_data_in_leaf': 75, 'learning_rate': 0.0025290376452279735, 'l2_leaf_reg': 0.26518824667618024, 'random_strength': 5.093735871519766, 'bagging_temperature': 9.82042674298101, 'rsm': 0.6980645059262898, 'auto_class_weights': None}. Best is trial 6 with value: 0.9459782198782991.
2026-05-17 17:20:22,435 - INFO - Trial 10 finished with value: 0.9470781081971282 and parameters: {'boosting_type': 'Plain', 'depth': 7, 'min_data_in_leaf': 92, 'learning_rate': 0.02314007181155334, 'l2_leaf_reg': 0.1411503663686765, 'random_strength': 0.3823995341634191, 'bagging_temperature': 7.940495333784825, 'rsm': 0.709439243594288, 'auto_class_weights': 'Balanced'}. Best is trial 10 with value: 0.9470781081971282.
2026-05-17 17:32:41,040 - INFO - Trial 11 pruned. 
2026-05-17 17:36:40,198 - INFO - Trial 12 finished with value: 0.9463859977422476 and parameters: {'boosting_type': 'Plain', 'depth': 8, 'min_data_in_leaf': 93, 'learning_rate': 0.05111645521398174, 'l2_leaf_reg': 0.01392620523731151, 'random_strength': 0.44190916728828367, 'bagging_temperature': 7.870517718535778, 'rsm': 0.5371187594164825, 'auto_class_weights': None}. Best is trial 10 with value: 0.9470781081971282.
2026-05-17 17:48:14,086 - INFO - Trial 14 finished with value: 0.9464696138853668 and parameters: {'boosting_type': 'Plain', 'depth': 7, 'min_data_in_leaf': 100, 'learning_rate': 0.017945504115809936, 'l2_leaf_reg': 0.022209863803777544, 'random_strength': 0.316487964745772, 'bagging_temperature': 5.5436088089843025, 'rsm': 0.5133934316799825, 'auto_class_weights': None}. Best is trial 10 with value: 0.9470781081971282.
2026-05-17 17:48:29,085 - INFO - Trial 13 finished with value: 0.94787854428961 and parameters: {'boosting_type': 'Plain', 'depth': 8, 'min_data_in_leaf': 98, 'learning_rate': 0.028083297416341333, 'l2_leaf_reg': 3.156388318015542, 'random_strength': 6.7880946397100805, 'bagging_temperature': 5.153106137004767, 'rsm': 0.6064194555879554, 'auto_class_weights': 'Balanced'}. Best is trial 13 with value: 0.94787854428961.
2026-05-17 18:00:09,720 - INFO - Trial 15 finished with value: 0.9458887204032133 and parameters: {'boosting_type': 'Plain', 'depth': 7, 'min_data_in_leaf': 99, 'learning_rate': 0.013457830322895522, 'l2_leaf_reg': 0.028324864131422923, 'random_strength': 0.18909826560001142, 'bagging_temperature': 5.4698758590642695, 'rsm': 0.6041178582779149, 'auto_class_weights': None}. Best is trial 13 with value: 0.94787854428961.
2026-05-17 18:01:07,079 - INFO - Trial 16 finished with value: 0.9459714830674404 and parameters: {'boosting_type': 'Plain', 'depth': 7, 'min_data_in_leaf': 87, 'learning_rate': 0.014726219986003014, 'l2_leaf_reg': 2.327953278937765, 'random_strength': 8.399910713650854, 'bagging_temperature': 4.015903285350531, 'rsm': 0.6413938861607887, 'auto_class_weights': 'Balanced'}. Best is trial 13 with value: 0.94787854428961.
2026-05-17 18:16:38,802 - INFO - Trial 17 finished with value: 0.9472395469847286 and parameters: {'boosting_type': 'Plain', 'depth': 8, 'min_data_in_leaf': 84, 'learning_rate': 0.01701869437699412, 'l2_leaf_reg': 1.9661838746966354, 'random_strength': 8.387011006113879, 'bagging_temperature': 4.099132078615962, 'rsm': 0.6405536172012907, 'auto_class_weights': 'Balanced'}. Best is trial 13 with value: 0.94787854428961.
2026-05-17 18:17:21,473 - INFO - Trial 18 finished with value: 0.9480704197407516 and parameters: {'boosting_type': 'Plain', 'depth': 8, 'min_data_in_leaf': 81, 'learning_rate': 0.0283732946723456, 'l2_leaf_reg': 18.547488540544094, 'random_strength': 1.3043095876699045, 'bagging_temperature': 2.201387663031985, 'rsm': 0.5959619392964909, 'auto_class_weights': 'Balanced'}. Best is trial 18 with value: 0.9480704197407516.
2026-05-17 18:23:23,527 - INFO - Trial 20 pruned. 
2026-05-17 18:26:30,161 - INFO - Trial 19 pruned. 
2026-05-17 18:39:33,004 - INFO - Trial 21 finished with value: 0.9479866420033938 and parameters: {'boosting_type': 'Plain', 'depth': 8, 'min_data_in_leaf': 52, 'learning_rate': 0.036826539533533424, 'l2_leaf_reg': 6.777798238513581, 'random_strength': 1.1533527328191446, 'bagging_temperature': 0.028024641118942206, 'rsm': 0.5906691995598392, 'auto_class_weights': 'Balanced'}. Best is trial 18 with value: 0.9480704197407516.
2026-05-17 18:42:35,613 - INFO - Trial 22 finished with value: 0.9479596773368506 and parameters: {'boosting_type': 'Plain', 'depth': 8, 'min_data_in_leaf': 85, 'learning_rate': 0.03509417325428612, 'l2_leaf_reg': 5.446805804915857, 'random_strength': 8.875597092556745, 'bagging_temperature': 0.046846080894563435, 'rsm': 0.6393577890552906, 'auto_class_weights': 'Balanced'}. Best is trial 18 with value: 0.9480704197407516.
2026-05-17 19:02:11,596 - INFO - Trial 23 finished with value: 0.9481909576979181 and parameters: {'boosting_type': 'Plain', 'depth': 9, 'min_data_in_leaf': 50, 'learning_rate': 0.035373135040314446, 'l2_leaf_reg': 6.446053480847399, 'random_strength': 2.897600756260012, 'bagging_temperature': 0.6863206062976656, 'rsm': 0.5569338721393337, 'auto_class_weights': 'Balanced'}. Best is trial 23 with value: 0.9481909576979181.
2026-05-17 19:05:45,133 - INFO - Trial 24 finished with value: 0.9480702447482496 and parameters: {'boosting_type': 'Plain', 'depth': 9, 'min_data_in_leaf': 46, 'learning_rate': 0.040567933111023545, 'l2_leaf_reg': 6.968535984313718, 'random_strength': 3.682979245171817, 'bagging_temperature': 0.3147330609342696, 'rsm': 0.5579962103874103, 'auto_class_weights': 'Balanced'}. Best is trial 23 with value: 0.9481909576979181.
2026-05-17 19:24:35,759 - INFO - Trial 25 finished with value: 0.947812537587879 and parameters: {'boosting_type': 'Plain', 'depth': 9, 'min_data_in_leaf': 51, 'learning_rate': 0.04906860847065153, 'l2_leaf_reg': 7.490139921752149, 'random_strength': 0.988007886293495, 'bagging_temperature': 0.9389392714093454, 'rsm': 0.557677416610128, 'auto_class_weights': 'Balanced'}. Best is trial 23 with value: 0.9481909576979181.
2026-05-17 19:28:59,235 - INFO - Trial 26 finished with value: 0.946287655058341 and parameters: {'boosting_type': 'Plain', 'depth': 9, 'min_data_in_leaf': 43, 'learning_rate': 0.06287294167724361, 'l2_leaf_reg': 0.862471453920356, 'random_strength': 3.5695378506460886, 'bagging_temperature': 1.3260500473149675, 'rsm': 0.5489821701067218, 'auto_class_weights': 'Balanced'}. Best is trial 23 with value: 0.9481909576979181.
2026-05-17 19:41:40,873 - INFO - Trial 27 pruned. 
2026-05-17 19:46:00,194 - INFO - Trial 28 pruned. 
2026-05-17 19:54:25,479 - INFO - Trial 29 pruned. 
2026-05-17 19:54:25,482 - INFO - Best AUC: 0.9481909576979181 | Best params: {'boosting_type': 'Plain', 'depth': 9, 'min_data_in_leaf': 50, 'learning_rate': 0.035373135040314446, 'l2_leaf_reg': 6.446053480847399, 'random_strength': 2.897600756260012, 'bagging_temperature': 0.6863206062976656, 'rsm': 0.5569338721393337, 'auto_class_weights': 'Balanced'}
2026-05-17 19:54:25,482 - INFO - ----- Saving Pipeline -----
