2026-05-16 23:17:03,306 - INFO - ----- Feature Selection -----
2026-05-16 23:22:29,759 - INFO - Features to drop: ['driver', 'race_progress_squared', 'is_pit_lap', 'position_norm', 'lapnumber_high', 'position_high', 'laptime_s_low', 'laptime_s_high', 'raceprogress_high', 'stint_high', 'treeposition', 'treeraceprogress', 'treeraceprogress_laptime_s', 'treeraceprogress_position', 'treelaptime_s', 'treeposition_laptime_s']
2026-05-16 23:22:29,759 - INFO - ----- Model Tuning -----
2026-05-16 23:22:29,759 - INFO - A new study created in memory with name: no-name-208c5c1e-470b-4f53-a8d1-6dbde86dd5ec
2026-05-16 23:27:10,061 - INFO - Trial 5 finished with value: 0.9475131810832741 and parameters: {'learning_rate': 0.19652257669387596, 'max_depth': 9, 'min_samples_leaf': 37, 'l2_regularization': 3.471959170433132, 'max_bins': 91}. Best is trial 5 with value: 0.9475131810832741.
2026-05-16 23:29:09,231 - INFO - Trial 0 finished with value: 0.9479386607832951 and parameters: {'learning_rate': 0.1291313292299409, 'max_depth': 7, 'min_samples_leaf': 71, 'l2_regularization': 8.10505787614535, 'max_bins': 178}. Best is trial 0 with value: 0.9479386607832951.
2026-05-16 23:29:19,241 - INFO - Trial 7 finished with value: 0.9430418858227428 and parameters: {'learning_rate': 0.044112859303991184, 'max_depth': 3, 'min_samples_leaf': 64, 'l2_regularization': 2.2058925610809466, 'max_bins': 75}. Best is trial 0 with value: 0.9479386607832951.
2026-05-16 23:30:22,513 - INFO - Trial 6 finished with value: 0.9478964404623804 and parameters: {'learning_rate': 0.10756916078847717, 'max_depth': 7, 'min_samples_leaf': 29, 'l2_regularization': 1.4250967593876307, 'max_bins': 163}. Best is trial 0 with value: 0.9479386607832951.
2026-05-16 23:30:56,117 - INFO - Trial 11 finished with value: 0.9479063006936187 and parameters: {'learning_rate': 0.08582945210372278, 'max_depth': 6, 'min_samples_leaf': 51, 'l2_regularization': 0.5140913025260119, 'max_bins': 114}. Best is trial 0 with value: 0.9479386607832951.
2026-05-16 23:31:58,730 - INFO - Trial 10 pruned. 
2026-05-16 23:32:27,241 - INFO - Trial 4 pruned. 
2026-05-16 23:32:33,806 - INFO - Trial 8 pruned. 
2026-05-16 23:32:53,935 - INFO - Trial 9 pruned. 
2026-05-16 23:33:25,509 - INFO - Trial 3 pruned. 
2026-05-16 23:34:31,178 - INFO - Trial 1 finished with value: 0.9479239780671899 and parameters: {'learning_rate': 0.06064570714869695, 'max_depth': 5, 'min_samples_leaf': 24, 'l2_regularization': 2.269292302167516, 'max_bins': 171}. Best is trial 0 with value: 0.9479386607832951.
2026-05-16 23:34:49,530 - INFO - Trial 16 finished with value: 0.9475090560874667 and parameters: {'learning_rate': 0.20700950728811843, 'max_depth': 7, 'min_samples_leaf': 95, 'l2_regularization': 3.2509730232815826, 'max_bins': 158}. Best is trial 0 with value: 0.9479386607832951.
2026-05-16 23:34:51,136 - INFO - Trial 15 finished with value: 0.947709426210535 and parameters: {'learning_rate': 0.19456578790571688, 'max_depth': 7, 'min_samples_leaf': 35, 'l2_regularization': 4.917428666508863, 'max_bins': 85}. Best is trial 0 with value: 0.9479386607832951.
2026-05-16 23:34:58,531 - INFO - Trial 2 finished with value: 0.9475595177476036 and parameters: {'learning_rate': 0.04337642707542339, 'max_depth': 5, 'min_samples_leaf': 54, 'l2_regularization': 0.14989381958020687, 'max_bins': 192}. Best is trial 0 with value: 0.9479386607832951.
2026-05-16 23:35:33,113 - INFO - Trial 21 pruned. 
2026-05-16 23:35:51,084 - INFO - Trial 12 finished with value: 0.947930838293287 and parameters: {'learning_rate': 0.08722713542929467, 'max_depth': 6, 'min_samples_leaf': 24, 'l2_regularization': 3.2192934567759854, 'max_bins': 71}. Best is trial 0 with value: 0.9479386607832951.
2026-05-16 23:36:18,012 - INFO - Trial 20 finished with value: 0.9471138682670398 and parameters: {'learning_rate': 0.2791188782067084, 'max_depth': 5, 'min_samples_leaf': 44, 'l2_regularization': 7.945650246118027, 'max_bins': 226}. Best is trial 0 with value: 0.9479386607832951.
2026-05-16 23:37:28,115 - INFO - Trial 19 finished with value: 0.9476428155042271 and parameters: {'learning_rate': 0.17782054654088958, 'max_depth': 6, 'min_samples_leaf': 72, 'l2_regularization': 6.963346460336476, 'max_bins': 182}. Best is trial 0 with value: 0.9479386607832951.
2026-05-16 23:37:37,472 - INFO - Trial 14 finished with value: 0.9481930526490331 and parameters: {'learning_rate': 0.10646539991831894, 'max_depth': 10, 'min_samples_leaf': 27, 'l2_regularization': 7.059757000000916, 'max_bins': 142}. Best is trial 14 with value: 0.9481930526490331.
2026-05-16 23:39:41,214 - INFO - Trial 22 finished with value: 0.9473154655322512 and parameters: {'learning_rate': 0.19655504426039005, 'max_depth': 4, 'min_samples_leaf': 75, 'l2_regularization': 9.812212256286195, 'max_bins': 197}. Best is trial 14 with value: 0.9481930526490331.
2026-05-16 23:40:01,158 - INFO - Trial 23 pruned. 
2026-05-16 23:40:02,162 - INFO - Trial 24 pruned. 
2026-05-16 23:42:17,986 - INFO - Trial 28 finished with value: 0.9481176915901208 and parameters: {'learning_rate': 0.12329549797150954, 'max_depth': 10, 'min_samples_leaf': 70, 'l2_regularization': 6.386749435139538, 'max_bins': 133}. Best is trial 14 with value: 0.9481930526490331.
2026-05-16 23:42:20,919 - INFO - Trial 25 finished with value: 0.9474569079517291 and parameters: {'learning_rate': 0.09266815068268022, 'max_depth': 4, 'min_samples_leaf': 72, 'l2_regularization': 9.898199419427627, 'max_bins': 208}. Best is trial 14 with value: 0.9481930526490331.
2026-05-16 23:42:21,246 - INFO - Trial 18 pruned. 
2026-05-16 23:42:21,318 - INFO - Trial 27 finished with value: 0.9482771966637973 and parameters: {'learning_rate': 0.12096552206641412, 'max_depth': 10, 'min_samples_leaf': 71, 'l2_regularization': 9.811968298105377, 'max_bins': 211}. Best is trial 27 with value: 0.9482771966637973.
2026-05-16 23:43:10,711 - INFO - Trial 13 finished with value: 0.9481272380939612 and parameters: {'learning_rate': 0.03996603749083893, 'max_depth': 10, 'min_samples_leaf': 57, 'l2_regularization': 8.60181578622438, 'max_bins': 98}. Best is trial 27 with value: 0.9482771966637973.
2026-05-16 23:43:15,238 - INFO - Trial 29 finished with value: 0.9483623794174217 and parameters: {'learning_rate': 0.11563217311406829, 'max_depth': 10, 'min_samples_leaf': 85, 'l2_regularization': 9.904985446774894, 'max_bins': 138}. Best is trial 29 with value: 0.9483623794174217.
2026-05-16 23:43:20,152 - INFO - Trial 26 finished with value: 0.9483988582717771 and parameters: {'learning_rate': 0.07839371821211316, 'max_depth': 10, 'min_samples_leaf': 71, 'l2_regularization': 9.953204765165346, 'max_bins': 197}. Best is trial 26 with value: 0.9483988582717771.
2026-05-16 23:43:27,091 - INFO - Trial 17 finished with value: 0.9482045338201047 and parameters: {'learning_rate': 0.04171375225890201, 'max_depth': 10, 'min_samples_leaf': 84, 'l2_regularization': 2.9131037389742955, 'max_bins': 136}. Best is trial 26 with value: 0.9483988582717771.
2026-05-16 23:43:27,093 - INFO - Best AUC: 0.9483988582717771 | Best params: {'learning_rate': 0.07839371821211316, 'max_depth': 10, 'min_samples_leaf': 71, 'l2_regularization': 9.953204765165346, 'max_bins': 197}
2026-05-16 23:43:27,093 - INFO - ----- Saving Pipeline -----
2026-05-16 23:54:18,240 - INFO - ----- Feature Selection -----
2026-05-16 23:59:48,760 - INFO - Features to drop: ['driver', 'raceprogress_high', 'lapnumber_high', 'race_progress_squared', 'position_norm', 'is_pit_lap', 'position_high', 'laptime_s_low', 'laptime_s_high', 'treeraceprogress_laptime_s', 'stint_high', 'treeposition', 'treeraceprogress', 'treelaptime_s', 'treeraceprogress_position', 'treeposition_laptime_s', 'lapnumber_low']
2026-05-16 23:59:48,761 - INFO - ----- Model Tuning -----
2026-05-16 23:59:48,761 - INFO - A new study created in memory with name: no-name-7c52057c-3b56-40cc-a941-167824a51f6e
2026-05-17 00:03:14,585 - INFO - Trial 9 finished with value: 0.9469800072747908 and parameters: {'learning_rate': 0.27717912558029895, 'max_depth': 5, 'min_samples_leaf': 92, 'l2_regularization': 8.18289876567288, 'max_bins': 88}. Best is trial 9 with value: 0.9469800072747908.
2026-05-17 00:04:16,145 - INFO - Trial 0 finished with value: 0.9473313588061488 and parameters: {'learning_rate': 0.19970909126826528, 'max_depth': 7, 'min_samples_leaf': 80, 'l2_regularization': 0.6295948698736942, 'max_bins': 104}. Best is trial 0 with value: 0.9473313588061488.
2026-05-17 00:06:54,101 - INFO - Trial 10 finished with value: 0.9441124540290946 and parameters: {'learning_rate': 0.06338657720674078, 'max_depth': 3, 'min_samples_leaf': 48, 'l2_regularization': 8.671107809274872, 'max_bins': 197}. Best is trial 0 with value: 0.9473313588061488.
2026-05-17 00:07:00,460 - INFO - Trial 3 finished with value: 0.9425708506036921 and parameters: {'learning_rate': 0.03958905374333077, 'max_depth': 3, 'min_samples_leaf': 50, 'l2_regularization': 2.2189293018070244, 'max_bins': 181}. Best is trial 0 with value: 0.9473313588061488.
2026-05-17 00:07:04,941 - INFO - Trial 7 finished with value: 0.939384522709419 and parameters: {'learning_rate': 0.022366235119734037, 'max_depth': 3, 'min_samples_leaf': 22, 'l2_regularization': 0.8166407485629379, 'max_bins': 125}. Best is trial 0 with value: 0.9473313588061488.
2026-05-17 00:07:11,099 - INFO - Trial 6 pruned. 
2026-05-17 00:10:20,677 - INFO - Trial 11 finished with value: 0.9481407223941402 and parameters: {'learning_rate': 0.08012679104490836, 'max_depth': 7, 'min_samples_leaf': 62, 'l2_regularization': 6.027563468401725, 'max_bins': 214}. Best is trial 11 with value: 0.9481407223941402.
2026-05-17 00:11:50,760 - INFO - Trial 17 finished with value: 0.9475911048686576 and parameters: {'learning_rate': 0.19355439867840876, 'max_depth': 10, 'min_samples_leaf': 66, 'l2_regularization': 4.509283881866983, 'max_bins': 213}. Best is trial 11 with value: 0.9481407223941402.
2026-05-17 00:12:08,213 - INFO - Trial 1 pruned. 
2026-05-17 00:12:41,449 - INFO - Trial 12 pruned. 
2026-05-17 00:12:58,604 - INFO - Trial 8 pruned. 
2026-05-17 00:13:10,365 - INFO - Trial 5 finished with value: 0.9481018681623382 and parameters: {'learning_rate': 0.0622682753245819, 'max_depth': 6, 'min_samples_leaf': 68, 'l2_regularization': 3.729168587001487, 'max_bins': 120}. Best is trial 11 with value: 0.9481407223941402.
2026-05-17 00:14:14,672 - INFO - Trial 13 finished with value: 0.9479212666627032 and parameters: {'learning_rate': 0.0790837288814612, 'max_depth': 5, 'min_samples_leaf': 54, 'l2_regularization': 5.9393319529331094, 'max_bins': 249}. Best is trial 11 with value: 0.9481407223941402.
2026-05-17 00:15:07,851 - INFO - Trial 14 finished with value: 0.9479573479987495 and parameters: {'learning_rate': 0.09808175493995219, 'max_depth': 5, 'min_samples_leaf': 75, 'l2_regularization': 8.100609639379952, 'max_bins': 108}. Best is trial 11 with value: 0.9481407223941402.
2026-05-17 00:16:47,342 - INFO - Trial 18 finished with value: 0.9477671119660915 and parameters: {'learning_rate': 0.10906951256944633, 'max_depth': 5, 'min_samples_leaf': 90, 'l2_regularization': 0.5373650283778841, 'max_bins': 217}. Best is trial 11 with value: 0.9481407223941402.
2026-05-17 00:17:04,138 - INFO - Trial 4 finished with value: 0.9469364032003105 and parameters: {'learning_rate': 0.02117453983010326, 'max_depth': 8, 'min_samples_leaf': 78, 'l2_regularization': 0.31902744156179663, 'max_bins': 141}. Best is trial 11 with value: 0.9481407223941402.
2026-05-17 00:17:14,007 - INFO - Trial 2 finished with value: 0.9473999868420929 and parameters: {'learning_rate': 0.02613723421842546, 'max_depth': 8, 'min_samples_leaf': 53, 'l2_regularization': 7.944104247863447, 'max_bins': 122}. Best is trial 11 with value: 0.9481407223941402.
2026-05-17 00:17:55,326 - INFO - Trial 19 finished with value: 0.9476050022055851 and parameters: {'learning_rate': 0.1244896883445959, 'max_depth': 5, 'min_samples_leaf': 33, 'l2_regularization': 0.975446759964298, 'max_bins': 160}. Best is trial 11 with value: 0.9481407223941402.
2026-05-17 00:18:25,158 - INFO - Trial 20 finished with value: 0.9480432869221549 and parameters: {'learning_rate': 0.14669588093748764, 'max_depth': 10, 'min_samples_leaf': 57, 'l2_regularization': 5.888098391099002, 'max_bins': 246}. Best is trial 11 with value: 0.9481407223941402.
2026-05-17 00:19:14,294 - INFO - Trial 15 finished with value: 0.9473198311630824 and parameters: {'learning_rate': 0.036747526989973786, 'max_depth': 5, 'min_samples_leaf': 65, 'l2_regularization': 2.9423093385036614, 'max_bins': 214}. Best is trial 11 with value: 0.9481407223941402.
2026-05-17 00:20:19,828 - INFO - Trial 16 finished with value: 0.9483403060084588 and parameters: {'learning_rate': 0.060225602417618165, 'max_depth': 7, 'min_samples_leaf': 79, 'l2_regularization': 7.733328214317499, 'max_bins': 106}. Best is trial 16 with value: 0.9483403060084588.
2026-05-17 00:20:48,485 - INFO - Trial 22 finished with value: 0.9482571126557531 and parameters: {'learning_rate': 0.11585147537795087, 'max_depth': 10, 'min_samples_leaf': 69, 'l2_regularization': 6.642505101039479, 'max_bins': 254}. Best is trial 16 with value: 0.9483403060084588.
2026-05-17 00:22:00,035 - INFO - Trial 21 finished with value: 0.9482641289543666 and parameters: {'learning_rate': 0.08555929664117232, 'max_depth': 8, 'min_samples_leaf': 69, 'l2_regularization': 6.889478583032835, 'max_bins': 255}. Best is trial 16 with value: 0.9483403060084588.
2026-05-17 00:22:27,417 - INFO - Trial 23 finished with value: 0.9483037390794384 and parameters: {'learning_rate': 0.08818696946313939, 'max_depth': 8, 'min_samples_leaf': 68, 'l2_regularization': 7.055854347049122, 'max_bins': 255}. Best is trial 16 with value: 0.9483403060084588.
2026-05-17 00:23:42,039 - INFO - Trial 24 finished with value: 0.9482629523766317 and parameters: {'learning_rate': 0.09912522489886953, 'max_depth': 8, 'min_samples_leaf': 70, 'l2_regularization': 6.7750294335941375, 'max_bins': 147}. Best is trial 16 with value: 0.9483403060084588.
2026-05-17 00:29:55,213 - INFO - Trial 25 finished with value: 0.9481821184606662 and parameters: {'learning_rate': 0.041533692905092214, 'max_depth': 8, 'min_samples_leaf': 65, 'l2_regularization': 6.487109777961114, 'max_bins': 154}. Best is trial 16 with value: 0.9483403060084588.
2026-05-17 00:31:04,447 - INFO - Trial 28 finished with value: 0.9480872217625034 and parameters: {'learning_rate': 0.043581031103738094, 'max_depth': 7, 'min_samples_leaf': 66, 'l2_regularization': 6.467806376273529, 'max_bins': 72}. Best is trial 16 with value: 0.9483403060084588.
2026-05-17 00:31:36,124 - INFO - Trial 26 finished with value: 0.9480041783370898 and parameters: {'learning_rate': 0.03752296833819141, 'max_depth': 8, 'min_samples_leaf': 65, 'l2_regularization': 6.7171642329225865, 'max_bins': 150}. Best is trial 16 with value: 0.9483403060084588.
2026-05-17 00:31:43,547 - INFO - Trial 29 finished with value: 0.9480941644854551 and parameters: {'learning_rate': 0.04584502592039954, 'max_depth': 7, 'min_samples_leaf': 67, 'l2_regularization': 6.378475533187336, 'max_bins': 71}. Best is trial 16 with value: 0.9483403060084588.
2026-05-17 00:31:57,735 - INFO - Trial 27 finished with value: 0.9481072349602588 and parameters: {'learning_rate': 0.038859783829217856, 'max_depth': 8, 'min_samples_leaf': 65, 'l2_regularization': 6.598086730331778, 'max_bins': 170}. Best is trial 16 with value: 0.9483403060084588.
2026-05-17 00:32:01,938 - INFO - Trial 30 finished with value: 0.9481647946122204 and parameters: {'learning_rate': 0.04489701181266397, 'max_depth': 7, 'min_samples_leaf': 66, 'l2_regularization': 3.303512368825393, 'max_bins': 64}. Best is trial 16 with value: 0.9483403060084588.
2026-05-17 00:33:13,750 - INFO - Trial 31 finished with value: 0.9481264795903247 and parameters: {'learning_rate': 0.04552725902698303, 'max_depth': 7, 'min_samples_leaf': 68, 'l2_regularization': 9.667602671426277, 'max_bins': 70}. Best is trial 16 with value: 0.9483403060084588.
2026-05-17 00:33:32,824 - INFO - Trial 32 finished with value: 0.94814307003849 and parameters: {'learning_rate': 0.049107591919047414, 'max_depth': 7, 'min_samples_leaf': 68, 'l2_regularization': 6.938272669236104, 'max_bins': 76}. Best is trial 16 with value: 0.9483403060084588.
2026-05-17 00:35:34,754 - INFO - Trial 33 finished with value: 0.9483003942722789 and parameters: {'learning_rate': 0.045870190583301905, 'max_depth': 9, 'min_samples_leaf': 72, 'l2_regularization': 6.870417538761668, 'max_bins': 68}. Best is trial 16 with value: 0.9483403060084588.
2026-05-17 00:37:01,022 - INFO - Trial 40 finished with value: 0.9479599777421452 and parameters: {'learning_rate': 0.15922832009439664, 'max_depth': 9, 'min_samples_leaf': 83, 'l2_regularization': 9.446181483450392, 'max_bins': 235}. Best is trial 16 with value: 0.9483403060084588.
2026-05-17 00:37:10,386 - INFO - Trial 34 finished with value: 0.9480004960581973 and parameters: {'learning_rate': 0.036021146107194944, 'max_depth': 9, 'min_samples_leaf': 71, 'l2_regularization': 6.945213299098491, 'max_bins': 66}. Best is trial 16 with value: 0.9483403060084588.
2026-05-17 00:37:13,275 - INFO - Trial 35 finished with value: 0.9481363224942111 and parameters: {'learning_rate': 0.04096894016589764, 'max_depth': 8, 'min_samples_leaf': 74, 'l2_regularization': 9.581088352430541, 'max_bins': 65}. Best is trial 16 with value: 0.9483403060084588.
2026-05-17 00:37:44,181 - INFO - Trial 41 finished with value: 0.9480141722087284 and parameters: {'learning_rate': 0.16067864441006324, 'max_depth': 9, 'min_samples_leaf': 81, 'l2_regularization': 9.81719453444585, 'max_bins': 237}. Best is trial 16 with value: 0.9483403060084588.
2026-05-17 00:38:42,927 - INFO - Trial 44 finished with value: 0.947949379476263 and parameters: {'learning_rate': 0.1553168691600003, 'max_depth': 9, 'min_samples_leaf': 75, 'l2_regularization': 7.438797650876762, 'max_bins': 233}. Best is trial 16 with value: 0.9483403060084588.
2026-05-17 00:38:48,693 - INFO - Trial 36 finished with value: 0.9483059933098117 and parameters: {'learning_rate': 0.046083952367835405, 'max_depth': 9, 'min_samples_leaf': 83, 'l2_regularization': 7.30106146357629, 'max_bins': 230}. Best is trial 16 with value: 0.9483403060084588.
2026-05-17 00:41:33,110 - INFO - Trial 42 finished with value: 0.9483148817862121 and parameters: {'learning_rate': 0.08359038131165399, 'max_depth': 9, 'min_samples_leaf': 73, 'l2_regularization': 9.680537908265073, 'max_bins': 227}. Best is trial 16 with value: 0.9483403060084588.
2026-05-17 00:42:37,679 - INFO - Trial 43 finished with value: 0.9482654585739955 and parameters: {'learning_rate': 0.07949285792736423, 'max_depth': 9, 'min_samples_leaf': 76, 'l2_regularization': 7.501757939995883, 'max_bins': 238}. Best is trial 16 with value: 0.9483403060084588.
2026-05-17 00:43:11,418 - INFO - Trial 37 finished with value: 0.9484579619742298 and parameters: {'learning_rate': 0.052765098023351636, 'max_depth': 9, 'min_samples_leaf': 84, 'l2_regularization': 9.567345014856405, 'max_bins': 73}. Best is trial 37 with value: 0.9484579619742298.
2026-05-17 00:44:12,549 - INFO - Trial 38 finished with value: 0.9484178390300236 and parameters: {'learning_rate': 0.04960770357134616, 'max_depth': 9, 'min_samples_leaf': 83, 'l2_regularization': 9.202042356471926, 'max_bins': 235}. Best is trial 37 with value: 0.9484579619742298.
2026-05-17 00:44:29,604 - INFO - Trial 39 finished with value: 0.9485545192992528 and parameters: {'learning_rate': 0.05287284704906892, 'max_depth': 9, 'min_samples_leaf': 84, 'l2_regularization': 9.599521353828877, 'max_bins': 233}. Best is trial 39 with value: 0.9485545192992528.
2026-05-17 00:45:20,883 - INFO - Trial 45 finished with value: 0.9483802225550045 and parameters: {'learning_rate': 0.06573485052393792, 'max_depth': 9, 'min_samples_leaf': 82, 'l2_regularization': 7.466337887621396, 'max_bins': 241}. Best is trial 39 with value: 0.9485545192992528.
2026-05-17 00:45:27,272 - INFO - Trial 48 finished with value: 0.9484245311674382 and parameters: {'learning_rate': 0.07104155175303502, 'max_depth': 9, 'min_samples_leaf': 79, 'l2_regularization': 7.496363442732506, 'max_bins': 231}. Best is trial 39 with value: 0.9485545192992528.
2026-05-17 00:46:36,289 - INFO - Trial 47 finished with value: 0.9477366511727994 and parameters: {'learning_rate': 0.029389202721503735, 'max_depth': 9, 'min_samples_leaf': 76, 'l2_regularization': 5.385025710942263, 'max_bins': 89}. Best is trial 39 with value: 0.9485545192992528.
2026-05-17 00:46:36,513 - INFO - Trial 46 finished with value: 0.9478607181032348 and parameters: {'learning_rate': 0.031422900447235454, 'max_depth': 9, 'min_samples_leaf': 75, 'l2_regularization': 7.532366832024576, 'max_bins': 234}. Best is trial 39 with value: 0.9485545192992528.
2026-05-17 00:46:40,292 - INFO - Trial 49 finished with value: 0.9477091642982607 and parameters: {'learning_rate': 0.029631117757544796, 'max_depth': 9, 'min_samples_leaf': 76, 'l2_regularization': 7.5018148775127855, 'max_bins': 95}. Best is trial 39 with value: 0.9485545192992528.
2026-05-17 00:46:40,295 - INFO - Best AUC: 0.9485545192992528 | Best params: {'learning_rate': 0.05287284704906892, 'max_depth': 9, 'min_samples_leaf': 84, 'l2_regularization': 9.599521353828877, 'max_bins': 233}
2026-05-17 00:46:40,295 - INFO - ----- Saving Pipeline -----
