2026-05-15 22:07:24,886 - INFO - ----- Feature Selection -----
2026-05-15 22:08:46,910 - INFO - ----- Fine Tuning -----
2026-05-15 22:08:46,911 - INFO - A new study created in memory with name: no-name-aea8e67f-e425-41b2-9822-97c8860fea67
2026-05-15 22:15:04,572 - INFO - Trial 0 finished with value: 0.9435733782232735 and parameters: {'max_depth': 10, 'learning_rate': 0.07477398771164016, 'n_estimators': 153, 'subsample': 0.7810871245453237, 'colsample_bytree': 0.6553138546764468, 'gamma': 2.3050521216275754, 'reg_alpha': 1.4574440361730975e-08, 'reg_lambda': 1.8219408674515618}. Best is trial 0 with value: 0.9435733782232735.
2026-05-15 22:15:26,065 - INFO - Trial 7 finished with value: 0.9341777368122257 and parameters: {'max_depth': 7, 'learning_rate': 0.0010166563850422324, 'n_estimators': 281, 'subsample': 0.6451855869484269, 'colsample_bytree': 0.8851743375686865, 'gamma': 0.7797423915547869, 'reg_alpha': 0.0028562458887931214, 'reg_lambda': 4.146070317376642e-07}. Best is trial 0 with value: 0.9435733782232735.
2026-05-15 22:16:43,526 - INFO - Trial 2 finished with value: 0.9372958351820166 and parameters: {'max_depth': 7, 'learning_rate': 0.003963092168294895, 'n_estimators': 338, 'subsample': 0.6273401629575714, 'colsample_bytree': 0.6955381507432554, 'gamma': 2.2890372201388223, 'reg_alpha': 4.1670548676833473e-08, 'reg_lambda': 0.0005568833939166085}. Best is trial 0 with value: 0.9435733782232735.
2026-05-15 22:18:55,685 - INFO - Trial 5 finished with value: 0.930831964525358 and parameters: {'max_depth': 3, 'learning_rate': 0.0047931476561861915, 'n_estimators': 1234, 'subsample': 0.9808201638236002, 'colsample_bytree': 0.8601719427315319, 'gamma': 3.328080266545483, 'reg_alpha': 1.81528942905067e-07, 'reg_lambda': 4.913005992242898}. Best is trial 0 with value: 0.9435733782232735.
2026-05-15 22:20:31,917 - INFO - Trial 11 finished with value: 0.9367475311639255 and parameters: {'max_depth': 3, 'learning_rate': 0.014042481970049526, 'n_estimators': 1465, 'subsample': 0.882641054769016, 'colsample_bytree': 0.7760412192562762, 'gamma': 4.0568179784205425, 'reg_alpha': 7.301274303515211e-06, 'reg_lambda': 9.701050334108466}. Best is trial 0 with value: 0.9435733782232735.
2026-05-15 22:22:31,916 - INFO - Trial 16 pruned. 
2026-05-15 22:24:18,606 - INFO - Trial 13 finished with value: 0.9436409482708916 and parameters: {'max_depth': 4, 'learning_rate': 0.07677503985898651, 'n_estimators': 802, 'subsample': 0.8888808842056992, 'colsample_bytree': 0.6841284228226604, 'gamma': 3.3938460430495834, 'reg_alpha': 1.4047438681997989e-05, 'reg_lambda': 7.252940071182943e-07}. Best is trial 13 with value: 0.9436409482708916.
2026-05-15 22:25:13,151 - INFO - Trial 15 finished with value: 0.938538569701057 and parameters: {'max_depth': 7, 'learning_rate': 0.01388730762644757, 'n_estimators': 247, 'subsample': 0.638309649490514, 'colsample_bytree': 0.9046420837828093, 'gamma': 4.047552140683556, 'reg_alpha': 0.0002506486621200887, 'reg_lambda': 2.1814280814476945e-05}. Best is trial 13 with value: 0.9436409482708916.
2026-05-15 22:25:51,017 - INFO - Trial 3 finished with value: 0.9399629360645794 and parameters: {'max_depth': 8, 'learning_rate': 0.003522848941003903, 'n_estimators': 609, 'subsample': 0.6398729276460384, 'colsample_bytree': 0.5961737406625732, 'gamma': 1.9498899997115022, 'reg_alpha': 1.4374917235047711e-05, 'reg_lambda': 5.086980836835401}. Best is trial 13 with value: 0.9436409482708916.
2026-05-15 22:26:23,420 - INFO - Trial 14 finished with value: 0.9388089223512797 and parameters: {'max_depth': 5, 'learning_rate': 0.009584829703668448, 'n_estimators': 626, 'subsample': 0.7029910681270033, 'colsample_bytree': 0.7675683612904206, 'gamma': 0.675107814060934, 'reg_alpha': 0.05759504294495107, 'reg_lambda': 4.2204779107770555e-06}. Best is trial 13 with value: 0.9436409482708916.
2026-05-15 22:30:36,068 - INFO - Trial 12 finished with value: 0.9400103192334045 and parameters: {'max_depth': 6, 'learning_rate': 0.004295075962086706, 'n_estimators': 851, 'subsample': 0.9624506699538462, 'colsample_bytree': 0.6179860256153713, 'gamma': 2.945823423909451, 'reg_alpha': 1.627186340822668e-08, 'reg_lambda': 0.008012466637919524}. Best is trial 13 with value: 0.9436409482708916.
2026-05-15 22:31:01,799 - INFO - Trial 18 pruned. 
2026-05-15 22:36:44,275 - INFO - Trial 6 finished with value: 0.9401719211955925 and parameters: {'max_depth': 9, 'learning_rate': 0.004630826614324632, 'n_estimators': 735, 'subsample': 0.5933532047181689, 'colsample_bytree': 0.8449822573312835, 'gamma': 2.6846813704824743, 'reg_alpha': 0.017975624352896638, 'reg_lambda': 0.0009675728604980594}. Best is trial 13 with value: 0.9436409482708916.
2026-05-15 22:39:10,245 - INFO - Trial 1 finished with value: 0.9433417917391985 and parameters: {'max_depth': 10, 'learning_rate': 0.00998319340487689, 'n_estimators': 727, 'subsample': 0.5012106200213431, 'colsample_bytree': 0.762861841975015, 'gamma': 4.226430193633859, 'reg_alpha': 2.7569224129264323e-06, 'reg_lambda': 0.0021050373824719024}. Best is trial 13 with value: 0.9436409482708916.
2026-05-15 22:39:50,851 - INFO - Trial 17 finished with value: 0.9404998059494432 and parameters: {'max_depth': 5, 'learning_rate': 0.0287359234298283, 'n_estimators': 1070, 'subsample': 0.626357112073211, 'colsample_bytree': 0.9388240238004748, 'gamma': 3.8904948921245914, 'reg_alpha': 0.0001678144948774965, 'reg_lambda': 7.170772095249575e-07}. Best is trial 13 with value: 0.9436409482708916.
2026-05-15 22:40:15,501 - INFO - Trial 21 finished with value: 0.9463895148212107 and parameters: {'max_depth': 5, 'learning_rate': 0.09923855986906047, 'n_estimators': 1017, 'subsample': 0.5300495426076774, 'colsample_bytree': 0.523992129335328, 'gamma': 4.8395406834111885, 'reg_alpha': 8.933444169383321, 'reg_lambda': 1.0452792694769052e-08}. Best is trial 21 with value: 0.9463895148212107.
2026-05-15 22:42:22,653 - INFO - Trial 20 pruned. 
2026-05-15 22:48:46,422 - INFO - Trial 10 finished with value: 0.944563777837797 and parameters: {'max_depth': 10, 'learning_rate': 0.0619481594586452, 'n_estimators': 1314, 'subsample': 0.7230254297374323, 'colsample_bytree': 0.6130514142015261, 'gamma': 1.3109358810889815, 'reg_alpha': 1.2483155498501237, 'reg_lambda': 0.0011195460845495793}. Best is trial 21 with value: 0.9463895148212107.
2026-05-15 22:50:05,960 - INFO - Trial 23 finished with value: 0.944718497792296 and parameters: {'max_depth': 10, 'learning_rate': 0.07445188573472505, 'n_estimators': 962, 'subsample': 0.7940529298439316, 'colsample_bytree': 0.5611977913780111, 'gamma': 4.625155204565392, 'reg_alpha': 1.5392125909242687, 'reg_lambda': 1.1851609601115798e-08}. Best is trial 21 with value: 0.9463895148212107.
2026-05-15 22:50:06,141 - INFO - Trial 25 finished with value: 0.945255303489577 and parameters: {'max_depth': 4, 'learning_rate': 0.09855436677102503, 'n_estimators': 950, 'subsample': 0.7859716729827025, 'colsample_bytree': 0.5386199236203332, 'gamma': 4.948112962779048, 'reg_alpha': 2.755862020825498, 'reg_lambda': 2.6605768251750086e-08}. Best is trial 21 with value: 0.9463895148212107.
2026-05-15 22:51:02,263 - INFO - Trial 9 finished with value: 0.940295938058795 and parameters: {'max_depth': 8, 'learning_rate': 0.002911447864167285, 'n_estimators': 1378, 'subsample': 0.7450493166373242, 'colsample_bytree': 0.8446071066610208, 'gamma': 4.2114149314312295, 'reg_alpha': 1.0101625591975494e-07, 'reg_lambda': 0.016163247924108694}. Best is trial 21 with value: 0.9463895148212107.
2026-05-15 22:51:17,037 - INFO - Trial 27 finished with value: 0.9454110179323869 and parameters: {'max_depth': 4, 'learning_rate': 0.09949930388916807, 'n_estimators': 1008, 'subsample': 0.7918789286602868, 'colsample_bytree': 0.5241180079676686, 'gamma': 4.956765280239708, 'reg_alpha': 3.3476057777556507, 'reg_lambda': 1.146507502030205e-08}. Best is trial 21 with value: 0.9463895148212107.
2026-05-15 22:51:25,288 - INFO - Trial 4 finished with value: 0.9430407918627127 and parameters: {'max_depth': 10, 'learning_rate': 0.008423144510950668, 'n_estimators': 1020, 'subsample': 0.989707335823971, 'colsample_bytree': 0.7618947964755642, 'gamma': 2.0310263750366535, 'reg_alpha': 8.531862239977822e-06, 'reg_lambda': 7.074163803681682e-07}. Best is trial 21 with value: 0.9463895148212107.
2026-05-15 22:52:31,991 - INFO - Trial 22 finished with value: 0.9474117979741635 and parameters: {'max_depth': 10, 'learning_rate': 0.0882704399413223, 'n_estimators': 958, 'subsample': 0.7971111790233781, 'colsample_bytree': 0.5161928821060917, 'gamma': 1.8074817991605352, 'reg_alpha': 6.732551224906403, 'reg_lambda': 1.4179356823682777e-08}. Best is trial 22 with value: 0.9474117979741635.
2026-05-15 22:52:40,793 - INFO - Trial 24 finished with value: 0.9475014998499297 and parameters: {'max_depth': 10, 'learning_rate': 0.09808557316458828, 'n_estimators': 912, 'subsample': 0.8003803249640122, 'colsample_bytree': 0.5145235991190871, 'gamma': 3.4415859756706344, 'reg_alpha': 6.840726029490668, 'reg_lambda': 2.6690301586715883e-08}. Best is trial 24 with value: 0.9475014998499297.
2026-05-15 22:53:32,981 - INFO - Trial 28 finished with value: 0.9460560173593269 and parameters: {'max_depth': 4, 'learning_rate': 0.08957271203544202, 'n_estimators': 1189, 'subsample': 0.782716648514604, 'colsample_bytree': 0.5041330084963325, 'gamma': 4.972705136526933, 'reg_alpha': 8.041016972778204, 'reg_lambda': 1.0264442022497306e-08}. Best is trial 24 with value: 0.9475014998499297.
2026-05-15 22:53:43,423 - INFO - Trial 26 finished with value: 0.9472363821024936 and parameters: {'max_depth': 10, 'learning_rate': 0.09017130635973679, 'n_estimators': 974, 'subsample': 0.7835103144828947, 'colsample_bytree': 0.5008193926230178, 'gamma': 4.989032413459804, 'reg_alpha': 5.9323630811711485, 'reg_lambda': 0.07732689823547223}. Best is trial 24 with value: 0.9475014998499297.
2026-05-15 22:54:17,943 - INFO - Trial 19 finished with value: 0.9435873234530513 and parameters: {'max_depth': 9, 'learning_rate': 0.0037162515825175453, 'n_estimators': 1020, 'subsample': 0.7394758708050191, 'colsample_bytree': 0.5110604680528051, 'gamma': 3.8793304824666395, 'reg_alpha': 0.00014341980518932607, 'reg_lambda': 1.423858332809898e-05}. Best is trial 24 with value: 0.9475014998499297.
2026-05-15 22:55:30,737 - INFO - Trial 8 pruned. 
2026-05-15 22:56:17,738 - INFO - Trial 29 finished with value: 0.9477770044293032 and parameters: {'max_depth': 6, 'learning_rate': 0.03963106108311716, 'n_estimators': 1359, 'subsample': 0.5342742859665455, 'colsample_bytree': 0.5065958396073834, 'gamma': 4.974983599328111, 'reg_alpha': 8.202025644181004, 'reg_lambda': 1.1177499100060574e-08}. Best is trial 29 with value: 0.9477770044293032.
2026-05-15 22:56:17,742 - INFO - Best AUC: 0.9477770044293032 | Best params: {'max_depth': 6, 'learning_rate': 0.03963106108311716, 'n_estimators': 1359, 'subsample': 0.5342742859665455, 'colsample_bytree': 0.5065958396073834, 'gamma': 4.974983599328111, 'reg_alpha': 8.202025644181004, 'reg_lambda': 1.1177499100060574e-08}
2026-05-15 22:56:17,742 - INFO - ----- Saving Pipeline -----
